ARM GAS  C:\Users\STAJYER\AppData\Local\Temp\ccRn7BSY.s 			page 1


   1              		.cpu cortex-m4
   2              		.arch armv7e-m
   3              		.fpu fpv4-sp-d16
   4              		.eabi_attribute 27, 1
   5              		.eabi_attribute 28, 1
   6              		.eabi_attribute 20, 1
   7              		.eabi_attribute 21, 1
   8              		.eabi_attribute 23, 3
   9              		.eabi_attribute 24, 1
  10              		.eabi_attribute 25, 1
  11              		.eabi_attribute 26, 1
  12              		.eabi_attribute 30, 1
  13              		.eabi_attribute 34, 1
  14              		.eabi_attribute 18, 4
  15              		.file	"canbus_com.c"
  16              		.text
  17              	.Ltext0:
  18              		.cfi_sections	.debug_frame
  19              		.file 1 "CanBusConfig/Src/canbus_com.c"
  20              		.section	.text.CANBUS_TX_INIT,"ax",%progbits
  21              		.align	1
  22              		.global	CANBUS_TX_INIT
  23              		.syntax unified
  24              		.thumb
  25              		.thumb_func
  27              	CANBUS_TX_INIT:
  28              	.LVL0:
  29              	.LFB132:
   1:CanBusConfig/Src/canbus_com.c **** #include "canbus_com.h"
   2:CanBusConfig/Src/canbus_com.c **** 
   3:CanBusConfig/Src/canbus_com.c **** 
   4:CanBusConfig/Src/canbus_com.c **** static FDCAN_TxHeaderTypeDef st_canbus_TxTransmiter;
   5:CanBusConfig/Src/canbus_com.c **** static FDCAN_RxHeaderTypeDef st_canbus_RxReceiver;
   6:CanBusConfig/Src/canbus_com.c **** static FDCAN_FilterTypeDef   st_canbus_FilterConfig;
   7:CanBusConfig/Src/canbus_com.c **** 
   8:CanBusConfig/Src/canbus_com.c **** 
   9:CanBusConfig/Src/canbus_com.c **** 
  10:CanBusConfig/Src/canbus_com.c **** 
  11:CanBusConfig/Src/canbus_com.c **** st_canbus_function_typeDef canbus_function_typeDef = {  CANBUS_TX_INIT, 
  12:CanBusConfig/Src/canbus_com.c ****                                                         CANBUS_FILTER_INIT,
  13:CanBusConfig/Src/canbus_com.c ****                                                         CANBUS_RX0_IRQHandler,
  14:CanBusConfig/Src/canbus_com.c ****                                                         CANBUS_TX0,
  15:CanBusConfig/Src/canbus_com.c ****                                                         CANBUS_change_indentifier,
  16:CanBusConfig/Src/canbus_com.c **** };
  17:CanBusConfig/Src/canbus_com.c **** 
  18:CanBusConfig/Src/canbus_com.c **** 
  19:CanBusConfig/Src/canbus_com.c **** 
  20:CanBusConfig/Src/canbus_com.c **** 
  21:CanBusConfig/Src/canbus_com.c **** 
  22:CanBusConfig/Src/canbus_com.c **** 
  23:CanBusConfig/Src/canbus_com.c **** 
  24:CanBusConfig/Src/canbus_com.c **** void CANBUS_TX_INIT( FDCAN_HandleTypeDef* hfdcan1, uint32_t indentifier, uint32_t datalenght)
  25:CanBusConfig/Src/canbus_com.c **** {
  30              		.loc 1 25 1 view -0
  31              		.cfi_startproc
  32              		@ args = 0, pretend = 0, frame = 0
  33              		@ frame_needed = 0, uses_anonymous_args = 0
ARM GAS  C:\Users\STAJYER\AppData\Local\Temp\ccRn7BSY.s 			page 2


  34              		@ link register save eliminated.
  26:CanBusConfig/Src/canbus_com.c **** 
  27:CanBusConfig/Src/canbus_com.c ****     st_canbus_TxTransmiter.Identifier           = indentifier; 
  35              		.loc 1 27 5 view .LVU1
  36              		.loc 1 27 49 is_stmt 0 view .LVU2
  37 0000 064B     		ldr	r3, .L2
  38 0002 1960     		str	r1, [r3]
  28:CanBusConfig/Src/canbus_com.c ****     st_canbus_TxTransmiter.IdType               = FDCAN_STANDARD_ID;
  39              		.loc 1 28 5 is_stmt 1 view .LVU3
  40              		.loc 1 28 49 is_stmt 0 view .LVU4
  41 0004 0021     		movs	r1, #0
  42              	.LVL1:
  43              		.loc 1 28 49 view .LVU5
  44 0006 5960     		str	r1, [r3, #4]
  29:CanBusConfig/Src/canbus_com.c ****     st_canbus_TxTransmiter.TxFrameType          = FDCAN_DATA_FRAME;  //Veri çerçevesi. veya   FDC
  45              		.loc 1 29 5 is_stmt 1 view .LVU6
  46              		.loc 1 29 49 is_stmt 0 view .LVU7
  47 0008 9960     		str	r1, [r3, #8]
  30:CanBusConfig/Src/canbus_com.c ****     st_canbus_TxTransmiter.DataLength           = datalenght; //Gönderilecek çerçevenin veri uzu
  48              		.loc 1 30 5 is_stmt 1 view .LVU8
  49              		.loc 1 30 49 is_stmt 0 view .LVU9
  50 000a DA60     		str	r2, [r3, #12]
  31:CanBusConfig/Src/canbus_com.c ****     st_canbus_TxTransmiter.ErrorStateIndicator  = FDCAN_ESI_ACTIVE;  // hata durumu aktif veya pasi
  51              		.loc 1 31 5 is_stmt 1 view .LVU10
  52              		.loc 1 31 49 is_stmt 0 view .LVU11
  53 000c 1961     		str	r1, [r3, #16]
  32:CanBusConfig/Src/canbus_com.c ****     st_canbus_TxTransmiter.BitRateSwitch        = FDCAN_BRS_OFF;     //Bu alan, bit hızının değ
  54              		.loc 1 32 5 is_stmt 1 view .LVU12
  55              		.loc 1 32 49 is_stmt 0 view .LVU13
  56 000e 5961     		str	r1, [r3, #20]
  33:CanBusConfig/Src/canbus_com.c ****     st_canbus_TxTransmiter.FDFormat             = FDCAN_FD_CAN; //Mesajın klasik CAN formatında m
  57              		.loc 1 33 5 is_stmt 1 view .LVU14
  58              		.loc 1 33 49 is_stmt 0 view .LVU15
  59 0010 4FF40012 		mov	r2, #2097152
  60              	.LVL2:
  61              		.loc 1 33 49 view .LVU16
  62 0014 9A61     		str	r2, [r3, #24]
  34:CanBusConfig/Src/canbus_com.c ****     st_canbus_TxTransmiter.TxEventFifoControl   = FDCAN_NO_TX_EVENTS;
  63              		.loc 1 34 5 is_stmt 1 view .LVU17
  64              		.loc 1 34 49 is_stmt 0 view .LVU18
  65 0016 D961     		str	r1, [r3, #28]
  35:CanBusConfig/Src/canbus_com.c ****     st_canbus_TxTransmiter.MessageMarker        = 0;
  66              		.loc 1 35 5 is_stmt 1 view .LVU19
  67              		.loc 1 35 49 is_stmt 0 view .LVU20
  68 0018 1962     		str	r1, [r3, #32]
  36:CanBusConfig/Src/canbus_com.c **** }
  69              		.loc 1 36 1 view .LVU21
  70 001a 7047     		bx	lr
  71              	.L3:
  72              		.align	2
  73              	.L2:
  74 001c 00000000 		.word	st_canbus_TxTransmiter
  75              		.cfi_endproc
  76              	.LFE132:
  78              		.section	.text.CANBUS_change_indentifier,"ax",%progbits
  79              		.align	1
  80              		.global	CANBUS_change_indentifier
ARM GAS  C:\Users\STAJYER\AppData\Local\Temp\ccRn7BSY.s 			page 3


  81              		.syntax unified
  82              		.thumb
  83              		.thumb_func
  85              	CANBUS_change_indentifier:
  86              	.LVL3:
  87              	.LFB136:
  37:CanBusConfig/Src/canbus_com.c **** 
  38:CanBusConfig/Src/canbus_com.c **** void CANBUS_FILTER_INIT( FDCAN_HandleTypeDef* hfdcan1, uint32_t filterid1, uint32_t filterid2)
  39:CanBusConfig/Src/canbus_com.c **** {
  40:CanBusConfig/Src/canbus_com.c **** 
  41:CanBusConfig/Src/canbus_com.c **** st_canbus_FilterConfig.IdType               = FDCAN_STANDARD_ID;
  42:CanBusConfig/Src/canbus_com.c **** st_canbus_FilterConfig.FilterIndex          = 0; 
  43:CanBusConfig/Src/canbus_com.c **** st_canbus_FilterConfig.FilterType           = FDCAN_FILTER_MASK; 
  44:CanBusConfig/Src/canbus_com.c **** st_canbus_FilterConfig.FilterConfig         = FDCAN_FILTER_TO_RXFIFO0;
  45:CanBusConfig/Src/canbus_com.c **** st_canbus_FilterConfig.FilterID1            = 0x321; // FİLTER
  46:CanBusConfig/Src/canbus_com.c **** st_canbus_FilterConfig.FilterID2            = 0x7FF; // MASK
  47:CanBusConfig/Src/canbus_com.c **** 
  48:CanBusConfig/Src/canbus_com.c **** 
  49:CanBusConfig/Src/canbus_com.c ****     HAL_FDCAN_ConfigFilter(hfdcan1, &st_canbus_FilterConfig);
  50:CanBusConfig/Src/canbus_com.c ****     HAL_FDCAN_Start(hfdcan1);
  51:CanBusConfig/Src/canbus_com.c ****     
  52:CanBusConfig/Src/canbus_com.c ****     if(HAL_FDCAN_ActivateNotification(hfdcan1, FDCAN_IT_RX_FIFO0_NEW_MESSAGE, 0)!= HAL_OK)
  53:CanBusConfig/Src/canbus_com.c ****     {
  54:CanBusConfig/Src/canbus_com.c ****         Error_Handler();
  55:CanBusConfig/Src/canbus_com.c ****     } //kesmede kullanılır
  56:CanBusConfig/Src/canbus_com.c **** }
  57:CanBusConfig/Src/canbus_com.c **** 
  58:CanBusConfig/Src/canbus_com.c **** 
  59:CanBusConfig/Src/canbus_com.c **** void CANBUS_RX0_IRQHandler( FDCAN_HandleTypeDef* hfdcan1, uint8_t* CanBus_Buffer_RxReceive)
  60:CanBusConfig/Src/canbus_com.c **** {
  61:CanBusConfig/Src/canbus_com.c **** //   if (HAL_FDCAN_GetRxMessage( hfdcan1, FDCAN_RX_FIFO0, &st_canbus_RxReceiver, CanBus_Buffer_RxRe
  62:CanBusConfig/Src/canbus_com.c **** //   {
  63:CanBusConfig/Src/canbus_com.c **** //     Error_Handler();
  64:CanBusConfig/Src/canbus_com.c **** //   }
  65:CanBusConfig/Src/canbus_com.c **** 
  66:CanBusConfig/Src/canbus_com.c ****   if(HAL_FDCAN_AddMessageToTxFifoQ(hfdcan1, &st_canbus_RxReceiver,  CanBus_Buffer_RxReceive) != HAL
  67:CanBusConfig/Src/canbus_com.c ****   {
  68:CanBusConfig/Src/canbus_com.c ****     Error_Handler();
  69:CanBusConfig/Src/canbus_com.c ****   }
  70:CanBusConfig/Src/canbus_com.c **** }
  71:CanBusConfig/Src/canbus_com.c **** 
  72:CanBusConfig/Src/canbus_com.c **** 
  73:CanBusConfig/Src/canbus_com.c **** void CANBUS_TX0( FDCAN_HandleTypeDef* hfdcan1, const uint8_t* CanBus_Buffer_TxSend)
  74:CanBusConfig/Src/canbus_com.c **** {
  75:CanBusConfig/Src/canbus_com.c ****     if(HAL_FDCAN_AddMessageToTxFifoQ( hfdcan1, &st_canbus_TxTransmiter, CanBus_Buffer_TxSend) )
  76:CanBusConfig/Src/canbus_com.c ****   {
  77:CanBusConfig/Src/canbus_com.c ****     Error_Handler();
  78:CanBusConfig/Src/canbus_com.c ****   }
  79:CanBusConfig/Src/canbus_com.c **** }
  80:CanBusConfig/Src/canbus_com.c **** 
  81:CanBusConfig/Src/canbus_com.c **** void CANBUS_change_indentifier(uint32_t indentifier)
  82:CanBusConfig/Src/canbus_com.c **** {
  88              		.loc 1 82 1 is_stmt 1 view -0
  89              		.cfi_startproc
  90              		@ args = 0, pretend = 0, frame = 0
  91              		@ frame_needed = 0, uses_anonymous_args = 0
  92              		@ link register save eliminated.
ARM GAS  C:\Users\STAJYER\AppData\Local\Temp\ccRn7BSY.s 			page 4


  83:CanBusConfig/Src/canbus_com.c ****     st_canbus_TxTransmiter.Identifier = indentifier; 
  93              		.loc 1 83 5 view .LVU23
  94              		.loc 1 83 39 is_stmt 0 view .LVU24
  95 0000 014B     		ldr	r3, .L5
  96 0002 1860     		str	r0, [r3]
  84:CanBusConfig/Src/canbus_com.c **** }...
  97              		.loc 1 84 1 view .LVU25
  98 0004 7047     		bx	lr
  99              	.L6:
 100 0006 00BF     		.align	2
 101              	.L5:
 102 0008 00000000 		.word	st_canbus_TxTransmiter
 103              		.cfi_endproc
 104              	.LFE136:
 106              		.section	.text.CANBUS_FILTER_INIT,"ax",%progbits
 107              		.align	1
 108              		.global	CANBUS_FILTER_INIT
 109              		.syntax unified
 110              		.thumb
 111              		.thumb_func
 113              	CANBUS_FILTER_INIT:
 114              	.LVL4:
 115              	.LFB133:
  39:CanBusConfig/Src/canbus_com.c **** {
 116              		.loc 1 39 1 is_stmt 1 view -0
 117              		.cfi_startproc
 118              		@ args = 0, pretend = 0, frame = 0
 119              		@ frame_needed = 0, uses_anonymous_args = 0
  39:CanBusConfig/Src/canbus_com.c **** {
 120              		.loc 1 39 1 is_stmt 0 view .LVU27
 121 0000 70B5     		push	{r4, r5, r6, lr}
 122              		.cfi_def_cfa_offset 16
 123              		.cfi_offset 4, -16
 124              		.cfi_offset 5, -12
 125              		.cfi_offset 6, -8
 126              		.cfi_offset 14, -4
 127 0002 0446     		mov	r4, r0
  41:CanBusConfig/Src/canbus_com.c **** st_canbus_FilterConfig.IdType               = FDCAN_STANDARD_ID;
 128              		.loc 1 41 1 is_stmt 1 view .LVU28
  41:CanBusConfig/Src/canbus_com.c **** st_canbus_FilterConfig.IdType               = FDCAN_STANDARD_ID;
 129              		.loc 1 41 45 is_stmt 0 view .LVU29
 130 0004 0E49     		ldr	r1, .L11
 131              	.LVL5:
  41:CanBusConfig/Src/canbus_com.c **** st_canbus_FilterConfig.IdType               = FDCAN_STANDARD_ID;
 132              		.loc 1 41 45 view .LVU30
 133 0006 0025     		movs	r5, #0
 134 0008 0D60     		str	r5, [r1]
  42:CanBusConfig/Src/canbus_com.c **** st_canbus_FilterConfig.FilterIndex          = 0; 
 135              		.loc 1 42 1 is_stmt 1 view .LVU31
  42:CanBusConfig/Src/canbus_com.c **** st_canbus_FilterConfig.FilterIndex          = 0; 
 136              		.loc 1 42 45 is_stmt 0 view .LVU32
 137 000a 4D60     		str	r5, [r1, #4]
  43:CanBusConfig/Src/canbus_com.c **** st_canbus_FilterConfig.FilterType           = FDCAN_FILTER_MASK; 
 138              		.loc 1 43 1 is_stmt 1 view .LVU33
  43:CanBusConfig/Src/canbus_com.c **** st_canbus_FilterConfig.FilterType           = FDCAN_FILTER_MASK; 
 139              		.loc 1 43 45 is_stmt 0 view .LVU34
 140 000c 0223     		movs	r3, #2
ARM GAS  C:\Users\STAJYER\AppData\Local\Temp\ccRn7BSY.s 			page 5


 141 000e 8B60     		str	r3, [r1, #8]
  44:CanBusConfig/Src/canbus_com.c **** st_canbus_FilterConfig.FilterConfig         = FDCAN_FILTER_TO_RXFIFO0;
 142              		.loc 1 44 1 is_stmt 1 view .LVU35
  44:CanBusConfig/Src/canbus_com.c **** st_canbus_FilterConfig.FilterConfig         = FDCAN_FILTER_TO_RXFIFO0;
 143              		.loc 1 44 45 is_stmt 0 view .LVU36
 144 0010 0126     		movs	r6, #1
 145 0012 CE60     		str	r6, [r1, #12]
  45:CanBusConfig/Src/canbus_com.c **** st_canbus_FilterConfig.FilterID1            = 0x321; // FİLTER
 146              		.loc 1 45 1 is_stmt 1 view .LVU37
  45:CanBusConfig/Src/canbus_com.c **** st_canbus_FilterConfig.FilterID1            = 0x321; // FİLTER
 147              		.loc 1 45 45 is_stmt 0 view .LVU38
 148 0014 40F22133 		movw	r3, #801
 149 0018 0B61     		str	r3, [r1, #16]
  46:CanBusConfig/Src/canbus_com.c **** st_canbus_FilterConfig.FilterID2            = 0x7FF; // MASK
 150              		.loc 1 46 1 is_stmt 1 view .LVU39
  46:CanBusConfig/Src/canbus_com.c **** st_canbus_FilterConfig.FilterID2            = 0x7FF; // MASK
 151              		.loc 1 46 45 is_stmt 0 view .LVU40
 152 001a 40F2FF73 		movw	r3, #2047
 153 001e 4B61     		str	r3, [r1, #20]
  49:CanBusConfig/Src/canbus_com.c ****     HAL_FDCAN_ConfigFilter(hfdcan1, &st_canbus_FilterConfig);
 154              		.loc 1 49 5 is_stmt 1 view .LVU41
 155 0020 FFF7FEFF 		bl	HAL_FDCAN_ConfigFilter
 156              	.LVL6:
  50:CanBusConfig/Src/canbus_com.c ****     HAL_FDCAN_Start(hfdcan1);
 157              		.loc 1 50 5 view .LVU42
 158 0024 2046     		mov	r0, r4
 159 0026 FFF7FEFF 		bl	HAL_FDCAN_Start
 160              	.LVL7:
  52:CanBusConfig/Src/canbus_com.c ****     if(HAL_FDCAN_ActivateNotification(hfdcan1, FDCAN_IT_RX_FIFO0_NEW_MESSAGE, 0)!= HAL_OK)
 161              		.loc 1 52 5 view .LVU43
  52:CanBusConfig/Src/canbus_com.c ****     if(HAL_FDCAN_ActivateNotification(hfdcan1, FDCAN_IT_RX_FIFO0_NEW_MESSAGE, 0)!= HAL_OK)
 162              		.loc 1 52 8 is_stmt 0 view .LVU44
 163 002a 2A46     		mov	r2, r5
 164 002c 3146     		mov	r1, r6
 165 002e 2046     		mov	r0, r4
 166 0030 FFF7FEFF 		bl	HAL_FDCAN_ActivateNotification
 167              	.LVL8:
  52:CanBusConfig/Src/canbus_com.c ****     if(HAL_FDCAN_ActivateNotification(hfdcan1, FDCAN_IT_RX_FIFO0_NEW_MESSAGE, 0)!= HAL_OK)
 168              		.loc 1 52 7 discriminator 1 view .LVU45
 169 0034 00B9     		cbnz	r0, .L10
 170              	.L7:
  56:CanBusConfig/Src/canbus_com.c **** }
 171              		.loc 1 56 1 view .LVU46
 172 0036 70BD     		pop	{r4, r5, r6, pc}
 173              	.LVL9:
 174              	.L10:
  54:CanBusConfig/Src/canbus_com.c ****         Error_Handler();
 175              		.loc 1 54 9 is_stmt 1 view .LVU47
 176 0038 FFF7FEFF 		bl	Error_Handler
 177              	.LVL10:
  56:CanBusConfig/Src/canbus_com.c **** }
 178              		.loc 1 56 1 is_stmt 0 view .LVU48
 179 003c FBE7     		b	.L7
 180              	.L12:
 181 003e 00BF     		.align	2
 182              	.L11:
 183 0040 00000000 		.word	st_canbus_FilterConfig
ARM GAS  C:\Users\STAJYER\AppData\Local\Temp\ccRn7BSY.s 			page 6


 184              		.cfi_endproc
 185              	.LFE133:
 187              		.section	.text.CANBUS_RX0_IRQHandler,"ax",%progbits
 188              		.align	1
 189              		.global	CANBUS_RX0_IRQHandler
 190              		.syntax unified
 191              		.thumb
 192              		.thumb_func
 194              	CANBUS_RX0_IRQHandler:
 195              	.LVL11:
 196              	.LFB134:
  60:CanBusConfig/Src/canbus_com.c **** {
 197              		.loc 1 60 1 is_stmt 1 view -0
 198              		.cfi_startproc
 199              		@ args = 0, pretend = 0, frame = 0
 200              		@ frame_needed = 0, uses_anonymous_args = 0
  60:CanBusConfig/Src/canbus_com.c **** {
 201              		.loc 1 60 1 is_stmt 0 view .LVU50
 202 0000 08B5     		push	{r3, lr}
 203              		.cfi_def_cfa_offset 8
 204              		.cfi_offset 3, -8
 205              		.cfi_offset 14, -4
 206 0002 0A46     		mov	r2, r1
  66:CanBusConfig/Src/canbus_com.c ****   if(HAL_FDCAN_AddMessageToTxFifoQ(hfdcan1, &st_canbus_RxReceiver,  CanBus_Buffer_RxReceive) != HAL
 207              		.loc 1 66 3 is_stmt 1 view .LVU51
  66:CanBusConfig/Src/canbus_com.c ****   if(HAL_FDCAN_AddMessageToTxFifoQ(hfdcan1, &st_canbus_RxReceiver,  CanBus_Buffer_RxReceive) != HAL
 208              		.loc 1 66 6 is_stmt 0 view .LVU52
 209 0004 0349     		ldr	r1, .L17
 210              	.LVL12:
  66:CanBusConfig/Src/canbus_com.c ****   if(HAL_FDCAN_AddMessageToTxFifoQ(hfdcan1, &st_canbus_RxReceiver,  CanBus_Buffer_RxReceive) != HAL
 211              		.loc 1 66 6 view .LVU53
 212 0006 FFF7FEFF 		bl	HAL_FDCAN_AddMessageToTxFifoQ
 213              	.LVL13:
  66:CanBusConfig/Src/canbus_com.c ****   if(HAL_FDCAN_AddMessageToTxFifoQ(hfdcan1, &st_canbus_RxReceiver,  CanBus_Buffer_RxReceive) != HAL
 214              		.loc 1 66 5 discriminator 1 view .LVU54
 215 000a 00B9     		cbnz	r0, .L16
 216              	.L13:
  70:CanBusConfig/Src/canbus_com.c **** }
 217              		.loc 1 70 1 view .LVU55
 218 000c 08BD     		pop	{r3, pc}
 219              	.L16:
  68:CanBusConfig/Src/canbus_com.c ****     Error_Handler();
 220              		.loc 1 68 5 is_stmt 1 view .LVU56
 221 000e FFF7FEFF 		bl	Error_Handler
 222              	.LVL14:
  70:CanBusConfig/Src/canbus_com.c **** }
 223              		.loc 1 70 1 is_stmt 0 view .LVU57
 224 0012 FBE7     		b	.L13
 225              	.L18:
 226              		.align	2
 227              	.L17:
 228 0014 00000000 		.word	st_canbus_RxReceiver
 229              		.cfi_endproc
 230              	.LFE134:
 232              		.section	.text.CANBUS_TX0,"ax",%progbits
 233              		.align	1
 234              		.global	CANBUS_TX0
ARM GAS  C:\Users\STAJYER\AppData\Local\Temp\ccRn7BSY.s 			page 7


 235              		.syntax unified
 236              		.thumb
 237              		.thumb_func
 239              	CANBUS_TX0:
 240              	.LVL15:
 241              	.LFB135:
  74:CanBusConfig/Src/canbus_com.c **** {
 242              		.loc 1 74 1 is_stmt 1 view -0
 243              		.cfi_startproc
 244              		@ args = 0, pretend = 0, frame = 0
 245              		@ frame_needed = 0, uses_anonymous_args = 0
  74:CanBusConfig/Src/canbus_com.c **** {
 246              		.loc 1 74 1 is_stmt 0 view .LVU59
 247 0000 08B5     		push	{r3, lr}
 248              		.cfi_def_cfa_offset 8
 249              		.cfi_offset 3, -8
 250              		.cfi_offset 14, -4
 251 0002 0A46     		mov	r2, r1
  75:CanBusConfig/Src/canbus_com.c ****     if(HAL_FDCAN_AddMessageToTxFifoQ( hfdcan1, &st_canbus_TxTransmiter, CanBus_Buffer_TxSend) )
 252              		.loc 1 75 5 is_stmt 1 view .LVU60
  75:CanBusConfig/Src/canbus_com.c ****     if(HAL_FDCAN_AddMessageToTxFifoQ( hfdcan1, &st_canbus_TxTransmiter, CanBus_Buffer_TxSend) )
 253              		.loc 1 75 8 is_stmt 0 view .LVU61
 254 0004 0349     		ldr	r1, .L23
 255              	.LVL16:
  75:CanBusConfig/Src/canbus_com.c ****     if(HAL_FDCAN_AddMessageToTxFifoQ( hfdcan1, &st_canbus_TxTransmiter, CanBus_Buffer_TxSend) )
 256              		.loc 1 75 8 view .LVU62
 257 0006 FFF7FEFF 		bl	HAL_FDCAN_AddMessageToTxFifoQ
 258              	.LVL17:
  75:CanBusConfig/Src/canbus_com.c ****     if(HAL_FDCAN_AddMessageToTxFifoQ( hfdcan1, &st_canbus_TxTransmiter, CanBus_Buffer_TxSend) )
 259              		.loc 1 75 7 discriminator 1 view .LVU63
 260 000a 00B9     		cbnz	r0, .L22
 261              	.L19:
  79:CanBusConfig/Src/canbus_com.c **** }
 262              		.loc 1 79 1 view .LVU64
 263 000c 08BD     		pop	{r3, pc}
 264              	.L22:
  77:CanBusConfig/Src/canbus_com.c ****     Error_Handler();
 265              		.loc 1 77 5 is_stmt 1 view .LVU65
 266 000e FFF7FEFF 		bl	Error_Handler
 267              	.LVL18:
  79:CanBusConfig/Src/canbus_com.c **** }
 268              		.loc 1 79 1 is_stmt 0 view .LVU66
 269 0012 FBE7     		b	.L19
 270              	.L24:
 271              		.align	2
 272              	.L23:
 273 0014 00000000 		.word	st_canbus_TxTransmiter
 274              		.cfi_endproc
 275              	.LFE135:
 277              		.global	canbus_function_typeDef
 278              		.section	.data.canbus_function_typeDef,"aw"
 279              		.align	2
 282              	canbus_function_typeDef:
 283 0000 00000000 		.word	CANBUS_TX_INIT
 284 0004 00000000 		.word	CANBUS_FILTER_INIT
 285 0008 00000000 		.word	CANBUS_RX0_IRQHandler
 286 000c 00000000 		.word	CANBUS_TX0
ARM GAS  C:\Users\STAJYER\AppData\Local\Temp\ccRn7BSY.s 			page 8


 287 0010 00000000 		.word	CANBUS_change_indentifier
 288              		.section	.bss.st_canbus_FilterConfig,"aw",%nobits
 289              		.align	2
 292              	st_canbus_FilterConfig:
 293 0000 00000000 		.space	24
 293      00000000 
 293      00000000 
 293      00000000 
 293      00000000 
 294              		.section	.bss.st_canbus_RxReceiver,"aw",%nobits
 295              		.align	2
 298              	st_canbus_RxReceiver:
 299 0000 00000000 		.space	40
 299      00000000 
 299      00000000 
 299      00000000 
 299      00000000 
 300              		.section	.bss.st_canbus_TxTransmiter,"aw",%nobits
 301              		.align	2
 304              	st_canbus_TxTransmiter:
 305 0000 00000000 		.space	36
 305      00000000 
 305      00000000 
 305      00000000 
 305      00000000 
 306              		.text
 307              	.Letext0:
 308              		.file 2 "C:/Users/STAJYER/AppData/Roaming/Code/User/globalStorage/bmd.stm32-for-vscode/@xpack-dev-
 309              		.file 3 "C:/Users/STAJYER/AppData/Roaming/Code/User/globalStorage/bmd.stm32-for-vscode/@xpack-dev-
 310              		.file 4 "Drivers/CMSIS/Device/ST/STM32G4xx/Include/stm32g431xx.h"
 311              		.file 5 "Drivers/CMSIS/Device/ST/STM32G4xx/Include/stm32g4xx.h"
 312              		.file 6 "Drivers/STM32G4xx_HAL_Driver/Inc/stm32g4xx_hal_def.h"
 313              		.file 7 "Drivers/STM32G4xx_HAL_Driver/Inc/stm32g4xx_hal_fdcan.h"
 314              		.file 8 "CanBusConfig/Inc/canbus_com.h"
 315              		.file 9 "Core/Inc/main.h"
ARM GAS  C:\Users\STAJYER\AppData\Local\Temp\ccRn7BSY.s 			page 9


DEFINED SYMBOLS
                            *ABS*:00000000 canbus_com.c
C:\Users\STAJYER\AppData\Local\Temp\ccRn7BSY.s:21     .text.CANBUS_TX_INIT:00000000 $t
C:\Users\STAJYER\AppData\Local\Temp\ccRn7BSY.s:27     .text.CANBUS_TX_INIT:00000000 CANBUS_TX_INIT
C:\Users\STAJYER\AppData\Local\Temp\ccRn7BSY.s:74     .text.CANBUS_TX_INIT:0000001c $d
C:\Users\STAJYER\AppData\Local\Temp\ccRn7BSY.s:304    .bss.st_canbus_TxTransmiter:00000000 st_canbus_TxTransmiter
C:\Users\STAJYER\AppData\Local\Temp\ccRn7BSY.s:79     .text.CANBUS_change_indentifier:00000000 $t
C:\Users\STAJYER\AppData\Local\Temp\ccRn7BSY.s:85     .text.CANBUS_change_indentifier:00000000 CANBUS_change_indentifier
C:\Users\STAJYER\AppData\Local\Temp\ccRn7BSY.s:102    .text.CANBUS_change_indentifier:00000008 $d
C:\Users\STAJYER\AppData\Local\Temp\ccRn7BSY.s:107    .text.CANBUS_FILTER_INIT:00000000 $t
C:\Users\STAJYER\AppData\Local\Temp\ccRn7BSY.s:113    .text.CANBUS_FILTER_INIT:00000000 CANBUS_FILTER_INIT
C:\Users\STAJYER\AppData\Local\Temp\ccRn7BSY.s:183    .text.CANBUS_FILTER_INIT:00000040 $d
C:\Users\STAJYER\AppData\Local\Temp\ccRn7BSY.s:292    .bss.st_canbus_FilterConfig:00000000 st_canbus_FilterConfig
C:\Users\STAJYER\AppData\Local\Temp\ccRn7BSY.s:188    .text.CANBUS_RX0_IRQHandler:00000000 $t
C:\Users\STAJYER\AppData\Local\Temp\ccRn7BSY.s:194    .text.CANBUS_RX0_IRQHandler:00000000 CANBUS_RX0_IRQHandler
C:\Users\STAJYER\AppData\Local\Temp\ccRn7BSY.s:228    .text.CANBUS_RX0_IRQHandler:00000014 $d
C:\Users\STAJYER\AppData\Local\Temp\ccRn7BSY.s:298    .bss.st_canbus_RxReceiver:00000000 st_canbus_RxReceiver
C:\Users\STAJYER\AppData\Local\Temp\ccRn7BSY.s:233    .text.CANBUS_TX0:00000000 $t
C:\Users\STAJYER\AppData\Local\Temp\ccRn7BSY.s:239    .text.CANBUS_TX0:00000000 CANBUS_TX0
C:\Users\STAJYER\AppData\Local\Temp\ccRn7BSY.s:273    .text.CANBUS_TX0:00000014 $d
C:\Users\STAJYER\AppData\Local\Temp\ccRn7BSY.s:282    .data.canbus_function_typeDef:00000000 canbus_function_typeDef
C:\Users\STAJYER\AppData\Local\Temp\ccRn7BSY.s:279    .data.canbus_function_typeDef:00000000 $d
C:\Users\STAJYER\AppData\Local\Temp\ccRn7BSY.s:289    .bss.st_canbus_FilterConfig:00000000 $d
C:\Users\STAJYER\AppData\Local\Temp\ccRn7BSY.s:295    .bss.st_canbus_RxReceiver:00000000 $d
C:\Users\STAJYER\AppData\Local\Temp\ccRn7BSY.s:301    .bss.st_canbus_TxTransmiter:00000000 $d

UNDEFINED SYMBOLS
HAL_FDCAN_ConfigFilter
HAL_FDCAN_Start
HAL_FDCAN_ActivateNotification
Error_Handler
HAL_FDCAN_AddMessageToTxFifoQ
